<?xml version="1.0" encoding="UTF-8"?>
<testsuites name="Account" time="28" tests="1" failures="0" errors="0">
   <testsuite name="Account" tests="1" failures="0" errors="0" time="28" timestamp="2019-05-15 15:29:40" hostname="Acer - KyNQHSE62812" id="Test Suites/Account">
      <properties>
         <property name="deviceName" value=""/>
         <property name="devicePlatform" value=""/>
         <property name="logFolder" value="C:\\Users\\Acer\\Katalon Studio\\Unilog\\Reports\\Account\\20190515_152929"/>
         <property name="logFiles" value="C:\\Users\\Acer\\Katalon Studio\\Unilog\\Reports\\Account\\20190515_152929\\execution0.log"/>
         <property name="attachments" value=""/>
         <property name="hostName" value="Acer - KyNQHSE62812"/>
         <property name="hostAddress" value="192.168.223.1"/>
         <property name="os" value="Windows 10 64bit"/>
         <property name="katalonVersion" value="6.0.5.4"/>
      </properties>
      <testcase name="Test Cases/Account/GetAccount" classname="Test Cases/Account/GetAccount" status="PASSED">
         <system-out><![CDATA[2019-05-15 15:29:41 - [TEST_CASE][PASSED] - Test Cases/Account/GetAccount: Test Cases/Account/GetAccount

2019-05-15 15:29:42 - [TEST_STEP][PASSED] - response = sendRequest(findTestObject("Account/GetAccount"), STOP_ON_FAILURE): Send request successfully

2019-05-15 15:30:07 - [MESSAGE][INFO] - HAR: C:\Users\Acer\Katalon Studio\Unilog\Reports\Account\20190515_152929\requests\main\0.har

2019-05-15 15:30:07 - [MESSAGE][PASSED] - Send request successfully

2019-05-15 15:30:07 - [TEST_STEP][PASSED] - verifyResponseStatusCode(response, 200): Verify response status code successfully

2019-05-15 15:30:07 - [MESSAGE][PASSED] - Verify response status code successfully

2019-05-15 15:30:07 - [TEST_STEP][PASSED] - verifyElementPropertyValue(response, "[0].idAspNetUser	", 3): Verify element property value successfully

2019-05-15 15:30:07 - [MESSAGE][PASSED] - Verify element property value successfully]]></system-out>
         <system-err><![CDATA[]]></system-err>
      </testcase>
      <system-out><![CDATA[2019-05-15 15:29:40 - [TEST_SUITE][PASSED] - Account: Test Cases/Account/GetAccount]]></system-out>
      <system-err><![CDATA[]]></system-err>
   </testsuite>
</testsuites>
